0 info it worked if it ends with ok
1 verbose cli [ 'node', '/usr/local/bin/npm', 'unpublish', 'peerssh', '--force' ]
2 info using npm@2.10.1
3 info using node@v0.12.4
4 verbose node symlink /usr/local/bin/node
5 warn using --force I sure hope you know what you are doing.
6 silly unpublish args[0] peerssh
7 silly unpublish thing { raw: 'peerssh',
7 silly unpublish   scope: null,
7 silly unpublish   name: 'peerssh',
7 silly unpublish   rawSpec: '',
7 silly unpublish   spec: '*',
7 silly unpublish   type: 'range' }
8 verbose getPublishConfig null
9 silly ls normalized peerssh
10 silly gentlyRm /Users/ffff/.npm/peerssh is being purged
11 verbose gentlyRm don't care about contents; nuking /Users/ffff/.npm/peerssh
12 silly vacuum-fs purging /Users/ffff/.npm/peerssh
13 silly vacuum-fs quitting because other entries in /Users/ffff/.npm
14 silly mapToRegistry name peerssh
15 silly mapToRegistry using default registry
16 silly mapToRegistry registry https://registry.npmjs.org/
17 silly mapToRegistry uri https://registry.npmjs.org/peerssh
18 verbose get GET as part of write; not caching result
19 verbose request uri https://registry.npmjs.org/peerssh?write=true
20 verbose request no auth needed
21 info attempt registry request try #1 at 00:32:08
22 verbose request using bearer token for auth
23 verbose request id 799152ba6267b9e2
24 http request GET https://registry.npmjs.org/peerssh?write=true
25 http 200 https://registry.npmjs.org/peerssh?write=true
26 silly get cb [ 200,
26 silly get   { server: 'CouchDB/1.5.0 (Erlang OTP/R16B03)',
26 silly get     etag: '"AULO4CAH1244HK4Y9KY8VXHB"',
26 silly get     'content-type': 'application/json',
26 silly get     'cache-control': 'max-age=0',
26 silly get     'content-length': '4458',
26 silly get     'accept-ranges': 'bytes',
26 silly get     date: 'Mon, 14 Sep 2015 07:32:09 GMT',
26 silly get     via: '1.1 varnish',
26 silly get     connection: 'keep-alive',
26 silly get     'x-served-by': 'cache-lax1422-LAX',
26 silly get     'x-cache': 'MISS',
26 silly get     'x-cache-hits': '0',
26 silly get     'x-timer': 'S1442215929.197687,VS0,VE186',
26 silly get     vary: 'Accept' } ]
27 verbose get saving peerssh to /Users/ffff/.npm/registry.npmjs.org/peerssh_3Fwrite_3Dtrue/.cache.json
28 info unpublish No version specified, removing all
29 verbose request uri https://registry.npmjs.org/peerssh/-rev/3-4ccf373a4b6a18a48cdb626d88a92be4
30 verbose request sending authorization for write operation
31 info attempt registry request try #1 at 00:32:09
32 verbose request using bearer token for auth
33 http request DELETE https://registry.npmjs.org/peerssh/-rev/3-4ccf373a4b6a18a48cdb626d88a92be4
34 http 504 https://registry.npmjs.org/peerssh/-rev/3-4ccf373a4b6a18a48cdb626d88a92be4
35 verbose bad json <html><body><h1>504 Gateway Time-out</h1>
35 verbose bad json The server didn't respond in time.
35 verbose bad json </body></html>
36 error registry error parsing json
37 info retry will retry, error on last attempt: SyntaxError: Unexpected token <
37 info retry <html><body><h1>504 Gateway Time-out</h1>
37 info retry The server didn't respond in time.
37 info retry </body></html>
38 info attempt registry request try #2 at 00:33:09
39 verbose request using bearer token for auth
40 http request DELETE https://registry.npmjs.org/peerssh/-rev/3-4ccf373a4b6a18a48cdb626d88a92be4
41 http 403 https://registry.npmjs.org/peerssh/-rev/3-4ccf373a4b6a18a48cdb626d88a92be4
42 verbose headers { 'content-type': 'application/json',
42 verbose headers   'cache-control': 'max-age=60',
42 verbose headers   'content-length': '99',
42 verbose headers   'accept-ranges': 'bytes',
42 verbose headers   date: 'Mon, 14 Sep 2015 07:33:10 GMT',
42 verbose headers   via: '1.1 varnish',
42 verbose headers   connection: 'keep-alive',
42 verbose headers   'x-served-by': 'cache-lax1433-LAX',
42 verbose headers   'x-cache': 'MISS',
42 verbose headers   'x-cache-hits': '0',
42 verbose headers   'x-timer': 'S1442215990.227105,VS0,VE190' }
43 verbose request invalidating /Users/ffff/.npm/registry.npmjs.org/peerssh on DELETE
44 verbose stack Error: You do not have permission to publish 'peerssh'. Are you logged in as the correct user? : peerssh
44 verbose stack     at CachingRegistryClient.<anonymous> (/usr/local/lib/node_modules/npm/node_modules/npm-registry-client/lib/request.js:247:14)
44 verbose stack     at Request._callback (/usr/local/lib/node_modules/npm/node_modules/npm-registry-client/lib/request.js:170:14)
44 verbose stack     at Request.self.callback (/usr/local/lib/node_modules/npm/node_modules/request/request.js:368:22)
44 verbose stack     at Request.emit (events.js:110:17)
44 verbose stack     at Request.<anonymous> (/usr/local/lib/node_modules/npm/node_modules/request/request.js:1219:14)
44 verbose stack     at Request.emit (events.js:129:20)
44 verbose stack     at IncomingMessage.<anonymous> (/usr/local/lib/node_modules/npm/node_modules/request/request.js:1167:12)
44 verbose stack     at IncomingMessage.emit (events.js:129:20)
44 verbose stack     at _stream_readable.js:908:16
44 verbose stack     at process._tickCallback (node.js:355:11)
45 verbose statusCode 403
46 verbose pkgid peerssh
47 verbose cwd /Users/ffff/Projects/peerssh
48 error Darwin 14.4.0
49 error argv "node" "/usr/local/bin/npm" "unpublish" "peerssh" "--force"
50 error node v0.12.4
51 error npm  v2.10.1
52 error code E403
53 error You do not have permission to publish 'peerssh'. Are you logged in as the correct user? : peerssh
54 error If you need help, you may report this error at:
54 error     <https://github.com/npm/npm/issues>
55 verbose exit [ 1, true ]
